<?xml version="1.0" encoding="UTF-8"?>
<!-- Generated by org.testng.reporters.JUnitReportReporter -->
<testsuite hostname="WINDOWS-HJ21I73" failures="0" tests="4" name="testng.NewTest1" time="0.037" errors="0" timestamp="2023-03-08T19:17:09 EST" skipped="0">
  <testcase classname="testng.NewTest1" name="addNum" time="0.009"/>
  <system-out/>
  <testcase classname="testng.NewTest1" name="mulNum" time="0.014"/>
  <system-out/>
  <testcase classname="testng.NewTest1" name="subNum" time="0.002"/>
  <system-out/>
  <testcase classname="testng.NewTest1" name="findLargeNumber" time="0.012"/>
  <system-out/>
</testsuite> <!-- testng.NewTest1 -->
