<?xml version="1.0" encoding="UTF-8"?>
<!-- Generated by org.testng.reporters.JUnitReportReporter -->
<testsuite hostname="WINDOWS-HJ21I73" failures="0" tests="1" name="testng.Collegeliveweek_testNG" time="34.990" errors="0" timestamp="2023-03-08T19:17:09 EST" skipped="0">
  <testcase classname="testng.Collegeliveweek_testNG" name="f" time="34.990"/>
  <system-out/>
</testsuite> <!-- testng.Collegeliveweek_testNG -->
